10000:
5
4
10024:
3
4
5
3
10102:
3
3
3
4
10179:
1
5
5
4
10228:
4
10262:
5
4
3
10363:
3
1
2
3
1037:
1
3
1
1
10396:
5
3
1
4
10412:
4
5
3
4
10458:
2
5
5
4
10499:
4
4
10539:
3
4
5
4
10590:
2
10689:
4
4
3
4
10769:
3
2
2
2
10858:
3
5
4
10872:
5
4
3
3
10885:
2
5
1
2
1096:
2
3
3
3
11012:
4
2
4
3
11039:
4
2
3
3
11048:
3
5
4
3
1109:
1
4
5
5
11202:
3
4
5
4
11250:
3
3
5
5
11262:
3
3
3
3
11308:
3
3
4
5
1131:
4
5
3
11389:
3
3
5
3
1142:
5
1
5
4
11473:
1
3
1
3
11506:
2
11582:
5
5
4
5
11608:
4
4
2
4
11613:
4
5
4
4
11669:
3
2
5
4
11672:
4
4
1
1
11705:
5
4
5
5
11708:
3
11735:
3
4
2
5
11831:
5
5
5
4
11854:
5
3
2
3
11873:
3
11904:
4
5
4
4
11945:
4
11965:
3
5
1
1
11969:
3
4
4
4
11994:
3
4
4
5
11996:
4
2
12022:
2
4
4
5
1203:
1
3
5
2
12097:
5
4
3
3
12151:
5
5
12190:
3
3
2
12234:
1
2
4
2
12238:
4
3
3
4
12252:
3
5
4
5
12261:
3
3
3
2
12283:
2
2
3
3
12349:
3
3
2
5
1237:
1
1
5
5
12381:
4
3
2
3
12391:
5
5
5
4
12403:
4
3
12437:
2
3
2
2
12493:
4
3
4
4
1250:
4
3
3
3
12535:
4
12574:
2
1
2
1
12579:
3
3
12682:
4
3
12694:
3
3
5
3
12754:
1
3
3
3
12766:
4
3
3
1
12780:
3
2
1
5
12815:
3
5
3
4
12817:
3
5
12865:
3
12949:
4
4
5
4
12979:
3
4
4
4
12993:
3
2
5
13027:
5
2
3
3
13064:
2
4
4
13118:
4
5
5
2
1315:
5
5
4
3
13165:
5
2
13186:
5
5
3
3
13211:
5
3
4
2
13212:
3
1
3
3
13239:
5
4
2
13320:
5
4
3
4
13338:
1
2
3
3
13343:
3
3
4
4
13568:
3
2
3
1
13593:
4
4
5
4
13618:
3
4
13642:
3
3
3
3
13665:
5
5
5
5
13671:
5
4
4
2
13674:
2
3
3
4
13675:
2
5
3
3
13727:
3
4
13825:
4
3
5
2
13842:
5
5
4
3
13897:
3
5
5
4
13915:
5
3
13980:
2
5
14063:
3
4
2
2
14077:
5
14181:
3
4
5
4
14235:
5
4
5
5
14267:
3
4
3
14414:
2
5
4
2
14503:
4
3
2
14593:
2
3
3
5
14643:
5
2
5
3
147:
2
14741:
4
4
5
3
14749:
4
5
4
4
14783:
1
14879:
5
4
1
5
14915:
2
3
5
4
14969:
5
5
15000:
2
3
3
3
15008:
1
1
5
2
1509:
3
5
5
3
15110:
2
3
3
4
15115:
2
2
15125:
3
3
5
1
15162:
3
4
4
5
15163:
4
4
5
5
15177:
5
5
4
5
15244:
4
3
3
3
15296:
5
5
5
5
15312:
1
15326:
1
15361:
2
3
5
5
15363:
4
4
5
1
15365:
3
5
4
2
154:
5
1
1
3
15409:
5
5
4
4
15484:
4
4
3
3
15567:
3
5
5
5
15568:
4
4
5
4
15626:
5
5
1
2
15629:
5
5
5
3
15638:
2
5
15672:
3
4
3
1568:
2
2
2
3
15734:
2
1577:
4
3
5
3
15773:
5
3
5
5
15792:
4
3
5
4
15803:
5
3
2
4
15854:
1
1
2
1
15865:
5
4
2
2
15906:
4
3
2
3
1595:
4
5
4
3
16011:
3
4
4
4
16032:
1
2
2
16037:
4
4
4
4
16041:
4
4
3
1
16042:
3
3
2
3
16054:
4
3
16057:
5
5
4
5
16059:
2
1
5
4
16087:
3
1
5
2
16117:
4
3
1613:
4
3
4
2
16208:
3
5
4
4
16233:
4
5
5
3
16290:
3
16337:
5
3
3
3
16374:
3
3
3
3
16528:
5
4
16579:
3
2
2
2
16709:
5
3
5
3
16749:
1
3
5
4
16760:
5
4
4
4
16762:
2
5
16819:
5
3
16825:
4
2
4
4
16833:
4
2
2
3
16857:
3
5
2
5
16873:
2
2
4
3
16926:
5
2
5
4
16935:
3
2
3
5
16943:
5
4
3
4
17025:
1
3
4
4
17069:
3
4
17195:
3
5
5
3
17280:
3
3
2
5
17347:
5
1
4
5
17356:
4
3
3
17374:
3
4
3
4
17386:
3
4
3
3
17448:
5
1
4
3
17451:
4
3
17455:
5
4
4
4
17469:
2
4
3
5
17527:
5
5
3
3
17561:
3
3
4
2
17593:
3
4
5
5
17594:
5
4
4
5
17637:
5
4
1764:
4
3
17685:
4
2
4
5
17728:
3
17756:
4
3
4
2
1781:
4
4
4
3
1858:
2
1929:
2
5
3
3
1954:
3
3
2
3
1989:
3
1
4
2
2021:
3
2057:
5
5
5
5
2150:
3
2
4
5
2189:
3
4
3
5
2196:
3
3
3
1
2211:
2
3
3
3
2270:
4
2
3
1
2291:
5
3
3
3
2294:
5
2
5
4
2310:
4
5
3
4
2323:
5
4
5
3
2349:
5
5
4
3
235:
3
3
3
3
2367:
4
4
4
4
2401:
3
1
2
1
2444:
3
3
4
2
2450:
1
2
1
1
2489:
4
2
2
3
2539:
5
3
5
4
2554:
4
1
2
5
2599:
4
4
3
5
2624:
4
5
5
3
2684:
3
1
4
4
2693:
4
4
2697:
1
5
5
4
276:
2
1
2766:
3
4
2769:
4
3
3
5
2809:
4
2
3
5
2887:
5
4
4
5
3015:
3
5
2
3
3171:
2
2
319:
1
3
3
5
3208:
3
3
5
5
3219:
1
2
3
1
3288:
3
2
1
5
3325:
3
2
3
1
3375:
3
1
3
4
3425:
5
5
5
4
3566:
2
4
3571:
5
3
3
2
3579:
5
5
3
4
3609:
5
4
4
3614:
3
3615:
4
4
1
4
3624:
4
4
5
5
3673:
4
3
4
3
3742:
5
5
5
5
3813:
2
2
3815:
3
1
4
4
3834:
1
2
3
1
3876:
4
3
2
3
3965:
5
5
5
5
3967:
3
3
3
3
4001:
5
4
3
4
4027:
3
5
5
4
4043:
4
4
3
3
4047:
1
3
2
2
4103:
3
4
3
2
4168:
1
5
5
5
4177:
5
4
3
3
4182:
4
2
4219:
4
4
5
5
4238:
5
5
5
5
4266:
4
2
4
5
4354:
3
2
4
4
4484:
4
4
5
4
4515:
3
3
3
4
4703:
3
2
471:
4
5
4
5
4724:
3
4930:
3
2
3
4
4941:
4
2
4
3
4990:
4
4
3
5
5:
4
5
5
4
5042:
4
2
3
4
5068:
3
1
2
2
5078:
2
5
3
2
5097:
5
5
5
4
5106:
4
3
4
5
5111:
3
5
5
5
5146:
3
3
2
2
5205:
2
3
3
1
5225:
2
5
4
5
5237:
2
3
4
1
5258:
5
5
5
5
5314:
3
4
5
5
5333:
3
3
4
4
5334:
5
4
4
5
5432:
3
4
4
4
5474:
3
3
5
4
5521:
4
5
3
5
5524:
5
4
5
5
560:
3
3
5
5
5673:
3
3
5687:
4
5
4
5
5691:
3
3
4
5732:
5
5
3
4
5745:
4
5
4
2
5821:
5
4
3
3
5845:
2
4
4
4
5943:
4
2
3
3
5982:
1
1
5
3
5992:
3
3
5
5
6045:
1
3
3
3
6082:
5
3
1
6089:
3
6143:
1
5
4
6150:
5
3
3
1
6200:
3
3
5
4
6219:
4
4
5
4
6265:
2
6276:
4
4
2
6296:
1
4
5
1
6364:
2
1
1
5
6405:
3
2
3
4
6412:
3
5
3
6442:
4
2
1
4
645:
5
5
4
5
6464:
1
5
3
3
6483:
3
4
3
5
6515:
4
3
5
3
6526:
3
3
2
4
6580:
3
3
3
1
6600:
3
1
3
3
6618:
5
1
5
4
6648:
3
4
2
4
6769:
4
5
3
5
6871:
3
3
4
3
6884:
3
6904:
4
3
4
1
6923:
5
5
4
5
6924:
3
2
3
4
6931:
3
5
3
3
6961:
1
3
3
4
6975:
3
4
5
6985:
3
2
5
4
7014:
4
5
3
5
7082:
4
5
1
5
7119:
4
5
4
4
7121:
5
2
5
3
7134:
4
2
5
5
7168:
3
5
5
5
719:
4
4
1
3
7233:
4
4
3
4
7239:
4
5
5
4
7298:
5
3
4
5
7330:
5
5
2
2
7357:
4
4
3
4
7433:
3
3
5
4
7455:
4
4
5
5
746:
5
5
3
5
7554:
3
4
2
5
7574:
4
5
2
5
7603:
5
4
7608:
3
4
3
4
7621:
3
2
3
3
7705:
4
4
2
2
7716:
3
4
4
3
7735:
5
5
3
5
7758:
3
1
7762:
4
3
5
3
7851:
5
4
2
5
7852:
3
1
5
3
788:
3
2
5
3
7978:
4
5
5
1
7979:
1
2
5
2
8034:
4
2
4
3
8039:
3
5
5
1
8052:
4
5
1
1
8073:
4
3
3
3
8091:
4
4
5
5
8248:
5
5
5
8266:
1
3
2
2
8268:
2
2
3
1
8309:
3
8323:
1
5
1
1
8394:
2
5
8521:
3
3
4
1
8537:
4
1
2
3
8592:
1
8612:
5
2
4
2
8654:
4
4
4
3
8738:
5
4
2
4
874:
4
5
2
4
8768:
3
1
3
1
8778:
4
5
5
4
8830:
3
5
4
4
8853:
2
3
3
3
8922:
1
3
1
3
8996:
3
9039:
5
5
5
4
919:
4
2
4
4
9194:
4
4
2
9226:
2
5
3
2
9281:
4
5
5
4
9288:
5
2
3
5
9294:
4
3
5
5
9309:
2
2
3
4
9310:
3
4
4
3
9343:
2
4
3
3
9412:
1
3
2
2
9440:
5
2
3
3
9444:
5
5
3
4
9527:
2
5
5
1
9585:
3
4
5
9588:
5
4
2
4
9663:
5
4
3
5
9770:
1
4
9847:
4
1
1
4
9875:
1
4
3
1
9892:
5
5
3
5
994:
4
3
4
5
9947:
4
3
2
5
9963:
3
3
4
1
9995:
4
3
4
4
